f:\myrepo\homework1\homework1\debug\sudoku.pch
f:\myrepo\homework1\homework1\debug\sudoku.pdb
f:\myrepo\homework1\homework1\debug\sudoku.idb
f:\myrepo\homework1\homework1\debug\stdafx.obj
f:\myrepo\homework1\homework1\debug\sudo.obj
f:\myrepo\homework1\homework1\debug\sudocreate.obj
f:\myrepo\homework1\homework1\debug\sudoku.obj
f:\myrepo\homework1\homework1\debug\sudosolver.obj
f:\myrepo\homework1\debug\sudoku.lib
f:\myrepo\homework1\homework1\debug\sudoku.res
f:\myrepo\homework1\debug\sudoku.pdb
f:\myrepo\homework1\homework1\debug\sudoku.tlog\cl.command.1.tlog
f:\myrepo\homework1\homework1\debug\sudoku.tlog\cl.read.1.tlog
f:\myrepo\homework1\homework1\debug\sudoku.tlog\cl.write.1.tlog
f:\myrepo\homework1\homework1\debug\sudoku.tlog\lib-link-cvtres.read.1.tlog
f:\myrepo\homework1\homework1\debug\sudoku.tlog\lib-link-cvtres.write.1.tlog
f:\myrepo\homework1\homework1\debug\sudoku.tlog\lib.command.1.tlog
f:\myrepo\homework1\homework1\debug\sudoku.tlog\rc.command.1.tlog
f:\myrepo\homework1\homework1\debug\sudoku.tlog\rc.read.1.tlog
f:\myrepo\homework1\homework1\debug\sudoku.tlog\rc.write.1.tlog
